{"/home/viktorik/mydir/CMS/src/app.ts": {"path":"/home/viktorik/mydir/CMS/src/app.ts","statementMap":{"0":{"start":{"line":14,"column":6},"end":{"line":14,"column":null}},"1":{"start":{"line":16,"column":0},"end":{"line":33,"column":null}},"2":{"start":{"line":35,"column":0},"end":{"line":37,"column":null}},"3":{"start":{"line":39,"column":0},"end":{"line":41,"column":null}},"4":{"start":{"line":44,"column":0},"end":{"line":58,"column":null}},"5":{"start":{"line":45,"column":2},"end":{"line":45,"column":null}},"6":{"start":{"line":46,"column":2},"end":{"line":51,"column":null}},"7":{"start":{"line":47,"column":4},"end":{"line":50,"column":null}},"8":{"start":{"line":53,"column":2},"end":{"line":55,"column":null}},"9":{"start":{"line":54,"column":4},"end":{"line":54,"column":null}},"10":{"start":{"line":57,"column":2},"end":{"line":57,"column":null}},"11":{"start":{"line":60,"column":0},"end":{"line":62,"column":null}},"12":{"start":{"line":61,"column":2},"end":{"line":61,"column":null}},"13":{"start":{"line":64,"column":0},"end":{"line":64,"column":null}},"14":{"start":{"line":65,"column":0},"end":{"line":65,"column":null}},"15":{"start":{"line":66,"column":0},"end":{"line":66,"column":null}},"16":{"start":{"line":67,"column":0},"end":{"line":67,"column":null}},"17":{"start":{"line":68,"column":0},"end":{"line":68,"column":null}},"18":{"start":{"line":69,"column":0},"end":{"line":69,"column":null}}},"fnMap":{"0":{"name":"(anonymous_0)","decl":{"start":{"line":44,"column":4},"end":{"line":44,"column":21}},"loc":{"start":{"line":44,"column":61},"end":{"line":58,"column":1}},"line":44},"1":{"name":"(anonymous_1)","decl":{"start":{"line":60,"column":13},"end":{"line":60,"column":20}},"loc":{"start":{"line":60,"column":39},"end":{"line":62,"column":1}},"line":60}},"branchMap":{"0":{"loc":{"start":{"line":46,"column":2},"end":{"line":51,"column":null}},"type":"if","locations":[{"start":{"line":46,"column":2},"end":{"line":51,"column":null}},{"start":{},"end":{}}],"line":46},"1":{"loc":{"start":{"line":53,"column":2},"end":{"line":55,"column":null}},"type":"if","locations":[{"start":{"line":53,"column":2},"end":{"line":55,"column":null}},{"start":{},"end":{}}],"line":53}},"s":{"0":5,"1":5,"2":5,"3":5,"4":5,"5":0,"6":0,"7":0,"8":0,"9":0,"10":0,"11":5,"12":0,"13":5,"14":5,"15":5,"16":5,"17":5,"18":5},"f":{"0":0,"1":0},"b":{"0":[0,0],"1":[0,0]},"meta":{"lastBranch":2,"lastFunction":2,"lastStatement":19,"seen":{"s:14:6:14:Infinity":0,"s:16:0:33:Infinity":1,"s:35:0:37:Infinity":2,"s:39:0:41:Infinity":3,"s:44:0:58:Infinity":4,"f:44:4:44:21":0,"s:45:2:45:Infinity":5,"b:46:2:51:Infinity:undefined:undefined:undefined:undefined":0,"s:46:2:51:Infinity":6,"s:47:4:50:Infinity":7,"b:53:2:55:Infinity:undefined:undefined:undefined:undefined":1,"s:53:2:55:Infinity":8,"s:54:4:54:Infinity":9,"s:57:2:57:Infinity":10,"s:60:0:62:Infinity":11,"f:60:13:60:20":1,"s:61:2:61:Infinity":12,"s:64:0:64:Infinity":13,"s:65:0:65:Infinity":14,"s:66:0:66:Infinity":15,"s:67:0:67:Infinity":16,"s:68:0:68:Infinity":17,"s:69:0:69:Infinity":18}}}
,"/home/viktorik/mydir/CMS/src/hooks/adminAuth.ts": {"path":"/home/viktorik/mydir/CMS/src/hooks/adminAuth.ts","statementMap":{"0":{"start":{"line":4,"column":2},"end":{"line":6,"column":null}},"1":{"start":{"line":5,"column":4},"end":{"line":5,"column":null}}},"fnMap":{"0":{"name":"adminAuth","decl":{"start":{"line":3,"column":30},"end":{"line":3,"column":40}},"loc":{"start":{"line":3,"column":86},"end":{"line":7,"column":null}},"line":3}},"branchMap":{"0":{"loc":{"start":{"line":4,"column":2},"end":{"line":6,"column":null}},"type":"if","locations":[{"start":{"line":4,"column":2},"end":{"line":6,"column":null}},{"start":{},"end":{}}],"line":4}},"s":{"0":8,"1":2},"f":{"0":8},"b":{"0":[2,6]},"meta":{"lastBranch":1,"lastFunction":1,"lastStatement":2,"seen":{"f:3:30:3:40":0,"b:4:2:6:Infinity:undefined:undefined:undefined:undefined":0,"s:4:2:6:Infinity":0,"s:5:4:5:Infinity":1}}}
,"/home/viktorik/mydir/CMS/src/hooks/authenticate.ts": {"path":"/home/viktorik/mydir/CMS/src/hooks/authenticate.ts","statementMap":{"0":{"start":{"line":4,"column":2},"end":{"line":8,"column":null}},"1":{"start":{"line":5,"column":4},"end":{"line":5,"column":null}},"2":{"start":{"line":7,"column":4},"end":{"line":7,"column":null}}},"fnMap":{"0":{"name":"authenticate","decl":{"start":{"line":3,"column":30},"end":{"line":3,"column":43}},"loc":{"start":{"line":3,"column":89},"end":{"line":9,"column":null}},"line":3}},"branchMap":{},"s":{"0":27,"1":27,"2":6},"f":{"0":27},"b":{},"meta":{"lastBranch":0,"lastFunction":1,"lastStatement":3,"seen":{"f:3:30:3:43":0,"s:4:2:8:Infinity":0,"s:5:4:5:Infinity":1,"s:7:4:7:Infinity":2}}}
,"/home/viktorik/mydir/CMS/src/lib/prisma.ts": {"path":"/home/viktorik/mydir/CMS/src/lib/prisma.ts","statementMap":{"0":{"start":{"line":4,"column":16},"end":{"line":4,"column":null}},"1":{"start":{"line":5,"column":15},"end":{"line":5,"column":null}}},"fnMap":{},"branchMap":{},"s":{"0":5,"1":5},"f":{},"b":{},"meta":{"lastBranch":0,"lastFunction":0,"lastStatement":2,"seen":{"s:4:16:4:Infinity":0,"s:5:15:5:Infinity":1}}}
,"/home/viktorik/mydir/CMS/src/routes/auth.ts": {"path":"/home/viktorik/mydir/CMS/src/routes/auth.ts","statementMap":{"0":{"start":{"line":8,"column":2},"end":{"line":27,"column":null}},"1":{"start":{"line":9,"column":32},"end":{"line":9,"column":null}},"2":{"start":{"line":11,"column":17},"end":{"line":11,"column":null}},"3":{"start":{"line":12,"column":4},"end":{"line":14,"column":null}},"4":{"start":{"line":13,"column":6},"end":{"line":13,"column":null}},"5":{"start":{"line":16,"column":26},"end":{"line":16,"column":null}},"6":{"start":{"line":17,"column":4},"end":{"line":19,"column":null}},"7":{"start":{"line":18,"column":6},"end":{"line":18,"column":null}},"8":{"start":{"line":21,"column":18},"end":{"line":24,"column":null}},"9":{"start":{"line":26,"column":4},"end":{"line":26,"column":null}},"10":{"start":{"line":28,"column":2},"end":{"line":47,"column":null}},"11":{"start":{"line":29,"column":42},"end":{"line":29,"column":null}},"12":{"start":{"line":31,"column":25},"end":{"line":31,"column":null}},"13":{"start":{"line":32,"column":4},"end":{"line":34,"column":null}},"14":{"start":{"line":33,"column":8},"end":{"line":33,"column":null}},"15":{"start":{"line":36,"column":27},"end":{"line":36,"column":null}},"16":{"start":{"line":37,"column":20},"end":{"line":39,"column":null}},"17":{"start":{"line":41,"column":18},"end":{"line":44,"column":null}},"18":{"start":{"line":46,"column":4},"end":{"line":46,"column":null}}},"fnMap":{"0":{"name":"auth","decl":{"start":{"line":7,"column":30},"end":{"line":7,"column":35}},"loc":{"start":{"line":7,"column":57},"end":{"line":48,"column":null}},"line":7},"1":{"name":"(anonymous_1)","decl":{"start":{"line":8,"column":26},"end":{"line":8,"column":33}},"loc":{"start":{"line":8,"column":52},"end":{"line":27,"column":3}},"line":8},"2":{"name":"(anonymous_2)","decl":{"start":{"line":28,"column":29},"end":{"line":28,"column":36}},"loc":{"start":{"line":28,"column":55},"end":{"line":47,"column":1}},"line":28}},"branchMap":{"0":{"loc":{"start":{"line":12,"column":4},"end":{"line":14,"column":null}},"type":"if","locations":[{"start":{"line":12,"column":4},"end":{"line":14,"column":null}},{"start":{},"end":{}}],"line":12},"1":{"loc":{"start":{"line":17,"column":4},"end":{"line":19,"column":null}},"type":"if","locations":[{"start":{"line":17,"column":4},"end":{"line":19,"column":null}},{"start":{},"end":{}}],"line":17},"2":{"loc":{"start":{"line":32,"column":4},"end":{"line":34,"column":null}},"type":"if","locations":[{"start":{"line":32,"column":4},"end":{"line":34,"column":null}},{"start":{},"end":{}}],"line":32}},"s":{"0":5,"1":18,"2":18,"3":18,"4":1,"5":17,"6":17,"7":0,"8":17,"9":17,"10":5,"11":4,"12":4,"13":4,"14":1,"15":3,"16":3,"17":3,"18":3},"f":{"0":5,"1":18,"2":4},"b":{"0":[1,17],"1":[0,17],"2":[1,3]},"meta":{"lastBranch":3,"lastFunction":3,"lastStatement":19,"seen":{"f:7:30:7:35":0,"s:8:2:27:Infinity":0,"f:8:26:8:33":1,"s:9:32:9:Infinity":1,"s:11:17:11:Infinity":2,"b:12:4:14:Infinity:undefined:undefined:undefined:undefined":0,"s:12:4:14:Infinity":3,"s:13:6:13:Infinity":4,"s:16:26:16:Infinity":5,"b:17:4:19:Infinity:undefined:undefined:undefined:undefined":1,"s:17:4:19:Infinity":6,"s:18:6:18:Infinity":7,"s:21:18:24:Infinity":8,"s:26:4:26:Infinity":9,"s:28:2:47:Infinity":10,"f:28:29:28:36":2,"s:29:42:29:Infinity":11,"s:31:25:31:Infinity":12,"b:32:4:34:Infinity:undefined:undefined:undefined:undefined":2,"s:32:4:34:Infinity":13,"s:33:8:33:Infinity":14,"s:36:27:36:Infinity":15,"s:37:20:39:Infinity":16,"s:41:18:44:Infinity":17,"s:46:4:46:Infinity":18}}}
,"/home/viktorik/mydir/CMS/src/routes/categories.ts": {"path":"/home/viktorik/mydir/CMS/src/routes/categories.ts","statementMap":{"0":{"start":{"line":10,"column":4},"end":{"line":12,"column":null}},"1":{"start":{"line":11,"column":8},"end":{"line":11,"column":null}},"2":{"start":{"line":14,"column":4},"end":{"line":24,"column":null}},"3":{"start":{"line":15,"column":23},"end":{"line":15,"column":null}},"4":{"start":{"line":16,"column":25},"end":{"line":19,"column":null}},"5":{"start":{"line":20,"column":8},"end":{"line":22,"column":null}},"6":{"start":{"line":21,"column":12},"end":{"line":21,"column":null}},"7":{"start":{"line":23,"column":8},"end":{"line":23,"column":null}},"8":{"start":{"line":26,"column":4},"end":{"line":31,"column":null}},"9":{"start":{"line":27,"column":25},"end":{"line":27,"column":null}},"10":{"start":{"line":28,"column":14},"end":{"line":28,"column":null}},"11":{"start":{"line":29,"column":28},"end":{"line":29,"column":null}},"12":{"start":{"line":30,"column":8},"end":{"line":30,"column":null}},"13":{"start":{"line":33,"column":4},"end":{"line":41,"column":null}},"14":{"start":{"line":34,"column":23},"end":{"line":34,"column":null}},"15":{"start":{"line":35,"column":25},"end":{"line":35,"column":null}},"16":{"start":{"line":36,"column":8},"end":{"line":38,"column":null}},"17":{"start":{"line":37,"column":12},"end":{"line":37,"column":null}},"18":{"start":{"line":39,"column":8},"end":{"line":39,"column":null}},"19":{"start":{"line":40,"column":8},"end":{"line":40,"column":null}},"20":{"start":{"line":43,"column":4},"end":{"line":61,"column":null}},"21":{"start":{"line":45,"column":17},"end":{"line":45,"column":null}},"22":{"start":{"line":46,"column":19},"end":{"line":46,"column":null}},"23":{"start":{"line":47,"column":2},"end":{"line":49,"column":null}},"24":{"start":{"line":48,"column":4},"end":{"line":48,"column":null}},"25":{"start":{"line":51,"column":19},"end":{"line":51,"column":null}},"26":{"start":{"line":53,"column":26},"end":{"line":58,"column":null}},"27":{"start":{"line":60,"column":2},"end":{"line":60,"column":null}}},"fnMap":{"0":{"name":"categories","decl":{"start":{"line":9,"column":30},"end":{"line":9,"column":41}},"loc":{"start":{"line":9,"column":63},"end":{"line":62,"column":null}},"line":9},"1":{"name":"(anonymous_1)","decl":{"start":{"line":10,"column":27},"end":{"line":10,"column":34}},"loc":{"start":{"line":10,"column":53},"end":{"line":12,"column":5}},"line":10},"2":{"name":"(anonymous_2)","decl":{"start":{"line":14,"column":31},"end":{"line":14,"column":38}},"loc":{"start":{"line":14,"column":57},"end":{"line":24,"column":5}},"line":14},"3":{"name":"(anonymous_3)","decl":{"start":{"line":26,"column":71},"end":{"line":26,"column":78}},"loc":{"start":{"line":26,"column":97},"end":{"line":31,"column":5}},"line":26},"4":{"name":"(anonymous_4)","decl":{"start":{"line":33,"column":77},"end":{"line":33,"column":84}},"loc":{"start":{"line":33,"column":103},"end":{"line":41,"column":5}},"line":33},"5":{"name":"(anonymous_5)","decl":{"start":{"line":43,"column":74},"end":{"line":43,"column":81}},"loc":{"start":{"line":43,"column":100},"end":{"line":61,"column":1}},"line":43}},"branchMap":{"0":{"loc":{"start":{"line":20,"column":8},"end":{"line":22,"column":null}},"type":"if","locations":[{"start":{"line":20,"column":8},"end":{"line":22,"column":null}},{"start":{},"end":{}}],"line":20},"1":{"loc":{"start":{"line":36,"column":8},"end":{"line":38,"column":null}},"type":"if","locations":[{"start":{"line":36,"column":8},"end":{"line":38,"column":null}},{"start":{},"end":{}}],"line":36},"2":{"loc":{"start":{"line":47,"column":2},"end":{"line":49,"column":null}},"type":"if","locations":[{"start":{"line":47,"column":2},"end":{"line":49,"column":null}},{"start":{},"end":{}}],"line":47},"3":{"loc":{"start":{"line":56,"column":10},"end":{"line":56,"column":null}},"type":"binary-expr","locations":[{"start":{"line":56,"column":10},"end":{"line":56,"column":18}},{"start":{"line":56,"column":18},"end":{"line":56,"column":null}}],"line":56}},"s":{"0":5,"1":1,"2":5,"3":1,"4":1,"5":1,"6":1,"7":0,"8":5,"9":1,"10":1,"11":1,"12":1,"13":5,"14":1,"15":1,"16":1,"17":0,"18":1,"19":1,"20":5,"21":1,"22":1,"23":1,"24":0,"25":1,"26":1,"27":1},"f":{"0":5,"1":1,"2":1,"3":1,"4":1,"5":1},"b":{"0":[1,0],"1":[0,1],"2":[0,1],"3":[1,1]},"meta":{"lastBranch":4,"lastFunction":6,"lastStatement":28,"seen":{"f:9:30:9:41":0,"s:10:4:12:Infinity":0,"f:10:27:10:34":1,"s:11:8:11:Infinity":1,"s:14:4:24:Infinity":2,"f:14:31:14:38":2,"s:15:23:15:Infinity":3,"s:16:25:19:Infinity":4,"b:20:8:22:Infinity:undefined:undefined:undefined:undefined":0,"s:20:8:22:Infinity":5,"s:21:12:21:Infinity":6,"s:23:8:23:Infinity":7,"s:26:4:31:Infinity":8,"f:26:71:26:78":3,"s:27:25:27:Infinity":9,"s:28:14:28:Infinity":10,"s:29:28:29:Infinity":11,"s:30:8:30:Infinity":12,"s:33:4:41:Infinity":13,"f:33:77:33:84":4,"s:34:23:34:Infinity":14,"s:35:25:35:Infinity":15,"b:36:8:38:Infinity:undefined:undefined:undefined:undefined":1,"s:36:8:38:Infinity":16,"s:37:12:37:Infinity":17,"s:39:8:39:Infinity":18,"s:40:8:40:Infinity":19,"s:43:4:61:Infinity":20,"f:43:74:43:81":5,"s:45:17:45:Infinity":21,"s:46:19:46:Infinity":22,"b:47:2:49:Infinity:undefined:undefined:undefined:undefined":2,"s:47:2:49:Infinity":23,"s:48:4:48:Infinity":24,"s:51:19:51:Infinity":25,"s:53:26:58:Infinity":26,"b:56:10:56:18:56:18:56:Infinity":3,"s:60:2:60:Infinity":27}}}
,"/home/viktorik/mydir/CMS/src/routes/comments.ts": {"path":"/home/viktorik/mydir/CMS/src/routes/comments.ts","statementMap":{"0":{"start":{"line":6,"column":2},"end":{"line":17,"column":null}},"1":{"start":{"line":7,"column":4},"end":{"line":16,"column":null}},"2":{"start":{"line":19,"column":2},"end":{"line":27,"column":null}},"3":{"start":{"line":21,"column":28},"end":{"line":21,"column":null}},"4":{"start":{"line":22,"column":19},"end":{"line":22,"column":null}},"5":{"start":{"line":23,"column":23},"end":{"line":25,"column":null}},"6":{"start":{"line":26,"column":4},"end":{"line":26,"column":null}},"7":{"start":{"line":29,"column":2},"end":{"line":46,"column":null}},"8":{"start":{"line":30,"column":24},"end":{"line":30,"column":null}},"9":{"start":{"line":31,"column":19},"end":{"line":31,"column":null}},"10":{"start":{"line":33,"column":20},"end":{"line":35,"column":null}},"11":{"start":{"line":36,"column":4},"end":{"line":38,"column":null}},"12":{"start":{"line":37,"column":8},"end":{"line":37,"column":null}},"13":{"start":{"line":40,"column":4},"end":{"line":42,"column":null}},"14":{"start":{"line":41,"column":8},"end":{"line":41,"column":null}},"15":{"start":{"line":44,"column":4},"end":{"line":44,"column":null}},"16":{"start":{"line":45,"column":4},"end":{"line":45,"column":null}}},"fnMap":{"0":{"name":"(anonymous_0)","decl":{"start":{"line":5,"column":15},"end":{"line":5,"column":30}},"loc":{"start":{"line":5,"column":52},"end":{"line":47,"column":null}},"line":5},"1":{"name":"(anonymous_1)","decl":{"start":{"line":6,"column":23},"end":{"line":6,"column":30}},"loc":{"start":{"line":6,"column":49},"end":{"line":17,"column":3}},"line":6},"2":{"name":"(anonymous_2)","decl":{"start":{"line":19,"column":51},"end":{"line":19,"column":58}},"loc":{"start":{"line":19,"column":77},"end":{"line":27,"column":3}},"line":19},"3":{"name":"(anonymous_3)","decl":{"start":{"line":29,"column":60},"end":{"line":29,"column":67}},"loc":{"start":{"line":29,"column":86},"end":{"line":46,"column":1}},"line":29}},"branchMap":{"0":{"loc":{"start":{"line":36,"column":4},"end":{"line":38,"column":null}},"type":"if","locations":[{"start":{"line":36,"column":4},"end":{"line":38,"column":null}},{"start":{},"end":{}}],"line":36},"1":{"loc":{"start":{"line":40,"column":4},"end":{"line":42,"column":null}},"type":"if","locations":[{"start":{"line":40,"column":4},"end":{"line":42,"column":null}},{"start":{},"end":{}}],"line":40},"2":{"loc":{"start":{"line":40,"column":8},"end":{"line":40,"column":75}},"type":"binary-expr","locations":[{"start":{"line":40,"column":8},"end":{"line":40,"column":45}},{"start":{"line":40,"column":45},"end":{"line":40,"column":75}}],"line":40}},"s":{"0":5,"1":1,"2":5,"3":3,"4":3,"5":3,"6":3,"7":5,"8":2,"9":2,"10":2,"11":2,"12":0,"13":2,"14":1,"15":1,"16":1},"f":{"0":5,"1":1,"2":3,"3":2},"b":{"0":[0,2],"1":[1,1],"2":[2,1]},"meta":{"lastBranch":3,"lastFunction":4,"lastStatement":17,"seen":{"f:5:15:5:30":0,"s:6:2:17:Infinity":0,"f:6:23:6:30":1,"s:7:4:16:Infinity":1,"s:19:2:27:Infinity":2,"f:19:51:19:58":2,"s:21:28:21:Infinity":3,"s:22:19:22:Infinity":4,"s:23:23:25:Infinity":5,"s:26:4:26:Infinity":6,"s:29:2:46:Infinity":7,"f:29:60:29:67":3,"s:30:24:30:Infinity":8,"s:31:19:31:Infinity":9,"s:33:20:35:Infinity":10,"b:36:4:38:Infinity:undefined:undefined:undefined:undefined":0,"s:36:4:38:Infinity":11,"s:37:8:37:Infinity":12,"b:40:4:42:Infinity:undefined:undefined:undefined:undefined":1,"s:40:4:42:Infinity":13,"b:40:8:40:45:40:45:40:75":2,"s:41:8:41:Infinity":14,"s:44:4:44:Infinity":15,"s:45:4:45:Infinity":16}}}
,"/home/viktorik/mydir/CMS/src/routes/posts.ts": {"path":"/home/viktorik/mydir/CMS/src/routes/posts.ts","statementMap":{"0":{"start":{"line":7,"column":2},"end":{"line":14,"column":null}},"1":{"start":{"line":8,"column":4},"end":{"line":13,"column":null}},"2":{"start":{"line":16,"column":2},"end":{"line":31,"column":null}},"3":{"start":{"line":17,"column":19},"end":{"line":17,"column":null}},"4":{"start":{"line":18,"column":17},"end":{"line":26,"column":null}},"5":{"start":{"line":27,"column":4},"end":{"line":29,"column":null}},"6":{"start":{"line":28,"column":6},"end":{"line":28,"column":null}},"7":{"start":{"line":30,"column":4},"end":{"line":30,"column":null}},"8":{"start":{"line":33,"column":2},"end":{"line":38,"column":null}},"9":{"start":{"line":34,"column":21},"end":{"line":34,"column":null}},"10":{"start":{"line":35,"column":43},"end":{"line":35,"column":null}},"11":{"start":{"line":36,"column":20},"end":{"line":36,"column":null}},"12":{"start":{"line":37,"column":4},"end":{"line":37,"column":null}},"13":{"start":{"line":40,"column":2},"end":{"line":56,"column":null}},"14":{"start":{"line":41,"column":24},"end":{"line":41,"column":null}},"15":{"start":{"line":42,"column":19},"end":{"line":42,"column":null}},"16":{"start":{"line":44,"column":17},"end":{"line":44,"column":null}},"17":{"start":{"line":46,"column":4},"end":{"line":48,"column":null}},"18":{"start":{"line":47,"column":6},"end":{"line":47,"column":null}},"19":{"start":{"line":50,"column":4},"end":{"line":52,"column":null}},"20":{"start":{"line":51,"column":6},"end":{"line":51,"column":null}},"21":{"start":{"line":54,"column":4},"end":{"line":54,"column":null}},"22":{"start":{"line":55,"column":4},"end":{"line":55,"column":null}},"23":{"start":{"line":58,"column":2},"end":{"line":82,"column":null}},"24":{"start":{"line":59,"column":24},"end":{"line":59,"column":null}},"25":{"start":{"line":60,"column":19},"end":{"line":60,"column":null}},"26":{"start":{"line":62,"column":17},"end":{"line":62,"column":null}},"27":{"start":{"line":64,"column":4},"end":{"line":66,"column":null}},"28":{"start":{"line":65,"column":6},"end":{"line":65,"column":null}},"29":{"start":{"line":68,"column":4},"end":{"line":70,"column":null}},"30":{"start":{"line":69,"column":6},"end":{"line":69,"column":null}},"31":{"start":{"line":72,"column":51},"end":{"line":72,"column":null}},"32":{"start":{"line":73,"column":24},"end":{"line":80,"column":null}},"33":{"start":{"line":81,"column":4},"end":{"line":81,"column":null}}},"fnMap":{"0":{"name":"(anonymous_0)","decl":{"start":{"line":6,"column":15},"end":{"line":6,"column":30}},"loc":{"start":{"line":6,"column":51},"end":{"line":83,"column":null}},"line":6},"1":{"name":"(anonymous_1)","decl":{"start":{"line":7,"column":20},"end":{"line":7,"column":27}},"loc":{"start":{"line":7,"column":46},"end":{"line":14,"column":3}},"line":7},"2":{"name":"(anonymous_2)","decl":{"start":{"line":16,"column":24},"end":{"line":16,"column":31}},"loc":{"start":{"line":16,"column":50},"end":{"line":31,"column":3}},"line":16},"3":{"name":"(anonymous_3)","decl":{"start":{"line":33,"column":49},"end":{"line":33,"column":56}},"loc":{"start":{"line":33,"column":75},"end":{"line":38,"column":3}},"line":33},"4":{"name":"(anonymous_4)","decl":{"start":{"line":40,"column":57},"end":{"line":40,"column":64}},"loc":{"start":{"line":40,"column":83},"end":{"line":56,"column":3}},"line":40},"5":{"name":"(anonymous_5)","decl":{"start":{"line":58,"column":54},"end":{"line":58,"column":61}},"loc":{"start":{"line":58,"column":80},"end":{"line":82,"column":3}},"line":58}},"branchMap":{"0":{"loc":{"start":{"line":27,"column":4},"end":{"line":29,"column":null}},"type":"if","locations":[{"start":{"line":27,"column":4},"end":{"line":29,"column":null}},{"start":{},"end":{}}],"line":27},"1":{"loc":{"start":{"line":46,"column":4},"end":{"line":48,"column":null}},"type":"if","locations":[{"start":{"line":46,"column":4},"end":{"line":48,"column":null}},{"start":{},"end":{}}],"line":46},"2":{"loc":{"start":{"line":50,"column":4},"end":{"line":52,"column":null}},"type":"if","locations":[{"start":{"line":50,"column":4},"end":{"line":52,"column":null}},{"start":{},"end":{}}],"line":50},"3":{"loc":{"start":{"line":50,"column":7},"end":{"line":50,"column":73}},"type":"binary-expr","locations":[{"start":{"line":50,"column":7},"end":{"line":50,"column":39}},{"start":{"line":50,"column":39},"end":{"line":50,"column":73}}],"line":50},"4":{"loc":{"start":{"line":64,"column":4},"end":{"line":66,"column":null}},"type":"if","locations":[{"start":{"line":64,"column":4},"end":{"line":66,"column":null}},{"start":{},"end":{}}],"line":64},"5":{"loc":{"start":{"line":68,"column":4},"end":{"line":70,"column":null}},"type":"if","locations":[{"start":{"line":68,"column":4},"end":{"line":70,"column":null}},{"start":{},"end":{}}],"line":68},"6":{"loc":{"start":{"line":68,"column":7},"end":{"line":68,"column":73}},"type":"binary-expr","locations":[{"start":{"line":68,"column":7},"end":{"line":68,"column":39}},{"start":{"line":68,"column":39},"end":{"line":68,"column":73}}],"line":68},"7":{"loc":{"start":{"line":75,"column":18},"end":{"line":75,"column":null}},"type":"binary-expr","locations":[{"start":{"line":75,"column":18},"end":{"line":75,"column":27}},{"start":{"line":75,"column":27},"end":{"line":75,"column":null}}],"line":75},"8":{"loc":{"start":{"line":76,"column":18},"end":{"line":76,"column":null}},"type":"binary-expr","locations":[{"start":{"line":76,"column":18},"end":{"line":76,"column":29}},{"start":{"line":76,"column":29},"end":{"line":76,"column":null}}],"line":76},"9":{"loc":{"start":{"line":77,"column":18},"end":{"line":77,"column":null}},"type":"binary-expr","locations":[{"start":{"line":77,"column":18},"end":{"line":77,"column":32}},{"start":{"line":77,"column":32},"end":{"line":77,"column":null}}],"line":77},"10":{"loc":{"start":{"line":78,"column":18},"end":{"line":78,"column":40}},"type":"binary-expr","locations":[{"start":{"line":78,"column":18},"end":{"line":78,"column":28}},{"start":{"line":78,"column":28},"end":{"line":78,"column":40}}],"line":78}},"s":{"0":5,"1":1,"2":5,"3":1,"4":1,"5":1,"6":1,"7":0,"8":5,"9":6,"10":6,"11":6,"12":6,"13":5,"14":2,"15":2,"16":2,"17":2,"18":0,"19":2,"20":1,"21":1,"22":1,"23":5,"24":0,"25":0,"26":0,"27":0,"28":0,"29":0,"30":0,"31":0,"32":0,"33":0},"f":{"0":5,"1":1,"2":1,"3":6,"4":2,"5":0},"b":{"0":[1,0],"1":[0,2],"2":[1,1],"3":[2,2],"4":[0,0],"5":[0,0],"6":[0,0],"7":[0,0],"8":[0,0],"9":[0,0],"10":[0,0]},"meta":{"lastBranch":11,"lastFunction":6,"lastStatement":34,"seen":{"f:6:15:6:30":0,"s:7:2:14:Infinity":0,"f:7:20:7:27":1,"s:8:4:13:Infinity":1,"s:16:2:31:Infinity":2,"f:16:24:16:31":2,"s:17:19:17:Infinity":3,"s:18:17:26:Infinity":4,"b:27:4:29:Infinity:undefined:undefined:undefined:undefined":0,"s:27:4:29:Infinity":5,"s:28:6:28:Infinity":6,"s:30:4:30:Infinity":7,"s:33:2:38:Infinity":8,"f:33:49:33:56":3,"s:34:21:34:Infinity":9,"s:35:43:35:Infinity":10,"s:36:20:36:Infinity":11,"s:37:4:37:Infinity":12,"s:40:2:56:Infinity":13,"f:40:57:40:64":4,"s:41:24:41:Infinity":14,"s:42:19:42:Infinity":15,"s:44:17:44:Infinity":16,"b:46:4:48:Infinity:undefined:undefined:undefined:undefined":1,"s:46:4:48:Infinity":17,"s:47:6:47:Infinity":18,"b:50:4:52:Infinity:undefined:undefined:undefined:undefined":2,"s:50:4:52:Infinity":19,"b:50:7:50:39:50:39:50:73":3,"s:51:6:51:Infinity":20,"s:54:4:54:Infinity":21,"s:55:4:55:Infinity":22,"s:58:2:82:Infinity":23,"f:58:54:58:61":5,"s:59:24:59:Infinity":24,"s:60:19:60:Infinity":25,"s:62:17:62:Infinity":26,"b:64:4:66:Infinity:undefined:undefined:undefined:undefined":4,"s:64:4:66:Infinity":27,"s:65:6:65:Infinity":28,"b:68:4:70:Infinity:undefined:undefined:undefined:undefined":5,"s:68:4:70:Infinity":29,"b:68:7:68:39:68:39:68:73":6,"s:69:6:69:Infinity":30,"s:72:51:72:Infinity":31,"s:73:24:80:Infinity":32,"b:75:18:75:27:75:27:75:Infinity":7,"b:76:18:76:29:76:29:76:Infinity":8,"b:77:18:77:32:77:32:77:Infinity":9,"b:78:18:78:28:78:28:78:40":10,"s:81:4:81:Infinity":33}}}
,"/home/viktorik/mydir/CMS/src/routes/tags.ts": {"path":"/home/viktorik/mydir/CMS/src/routes/tags.ts","statementMap":{"0":{"start":{"line":10,"column":4},"end":{"line":12,"column":null}},"1":{"start":{"line":11,"column":8},"end":{"line":11,"column":null}},"2":{"start":{"line":14,"column":4},"end":{"line":24,"column":null}},"3":{"start":{"line":15,"column":23},"end":{"line":15,"column":null}},"4":{"start":{"line":16,"column":20},"end":{"line":19,"column":null}},"5":{"start":{"line":20,"column":4},"end":{"line":22,"column":null}},"6":{"start":{"line":21,"column":8},"end":{"line":21,"column":null}},"7":{"start":{"line":23,"column":4},"end":{"line":23,"column":null}},"8":{"start":{"line":26,"column":4},"end":{"line":31,"column":null}},"9":{"start":{"line":27,"column":25},"end":{"line":27,"column":null}},"10":{"start":{"line":28,"column":14},"end":{"line":28,"column":null}},"11":{"start":{"line":29,"column":23},"end":{"line":29,"column":null}},"12":{"start":{"line":30,"column":8},"end":{"line":30,"column":null}},"13":{"start":{"line":33,"column":4},"end":{"line":42,"column":null}},"14":{"start":{"line":35,"column":23},"end":{"line":35,"column":null}},"15":{"start":{"line":36,"column":20},"end":{"line":36,"column":null}},"16":{"start":{"line":37,"column":8},"end":{"line":39,"column":null}},"17":{"start":{"line":38,"column":12},"end":{"line":38,"column":null}},"18":{"start":{"line":40,"column":8},"end":{"line":40,"column":null}},"19":{"start":{"line":41,"column":8},"end":{"line":41,"column":null}},"20":{"start":{"line":44,"column":4},"end":{"line":63,"column":null}},"21":{"start":{"line":46,"column":19},"end":{"line":46,"column":null}},"22":{"start":{"line":47,"column":16},"end":{"line":47,"column":null}},"23":{"start":{"line":48,"column":4},"end":{"line":50,"column":null}},"24":{"start":{"line":49,"column":4},"end":{"line":49,"column":null}},"25":{"start":{"line":53,"column":21},"end":{"line":53,"column":null}},"26":{"start":{"line":55,"column":23},"end":{"line":60,"column":null}},"27":{"start":{"line":62,"column":4},"end":{"line":62,"column":null}}},"fnMap":{"0":{"name":"tags","decl":{"start":{"line":9,"column":30},"end":{"line":9,"column":35}},"loc":{"start":{"line":9,"column":57},"end":{"line":64,"column":null}},"line":9},"1":{"name":"(anonymous_1)","decl":{"start":{"line":10,"column":21},"end":{"line":10,"column":28}},"loc":{"start":{"line":10,"column":47},"end":{"line":12,"column":5}},"line":10},"2":{"name":"(anonymous_2)","decl":{"start":{"line":14,"column":25},"end":{"line":14,"column":32}},"loc":{"start":{"line":14,"column":51},"end":{"line":24,"column":1}},"line":14},"3":{"name":"(anonymous_3)","decl":{"start":{"line":26,"column":65},"end":{"line":26,"column":72}},"loc":{"start":{"line":26,"column":91},"end":{"line":31,"column":5}},"line":26},"4":{"name":"(anonymous_4)","decl":{"start":{"line":33,"column":71},"end":{"line":33,"column":78}},"loc":{"start":{"line":33,"column":97},"end":{"line":42,"column":5}},"line":33},"5":{"name":"(anonymous_5)","decl":{"start":{"line":44,"column":68},"end":{"line":44,"column":75}},"loc":{"start":{"line":44,"column":94},"end":{"line":63,"column":5}},"line":44}},"branchMap":{"0":{"loc":{"start":{"line":20,"column":4},"end":{"line":22,"column":null}},"type":"if","locations":[{"start":{"line":20,"column":4},"end":{"line":22,"column":null}},{"start":{},"end":{}}],"line":20},"1":{"loc":{"start":{"line":37,"column":8},"end":{"line":39,"column":null}},"type":"if","locations":[{"start":{"line":37,"column":8},"end":{"line":39,"column":null}},{"start":{},"end":{}}],"line":37},"2":{"loc":{"start":{"line":48,"column":4},"end":{"line":50,"column":null}},"type":"if","locations":[{"start":{"line":48,"column":4},"end":{"line":50,"column":null}},{"start":{},"end":{}}],"line":48},"3":{"loc":{"start":{"line":58,"column":11},"end":{"line":58,"column":null}},"type":"binary-expr","locations":[{"start":{"line":58,"column":11},"end":{"line":58,"column":19}},{"start":{"line":58,"column":19},"end":{"line":58,"column":null}}],"line":58}},"s":{"0":5,"1":1,"2":5,"3":1,"4":1,"5":1,"6":1,"7":0,"8":5,"9":1,"10":1,"11":1,"12":1,"13":5,"14":1,"15":1,"16":1,"17":0,"18":1,"19":1,"20":5,"21":1,"22":1,"23":1,"24":0,"25":1,"26":1,"27":1},"f":{"0":5,"1":1,"2":1,"3":1,"4":1,"5":1},"b":{"0":[1,0],"1":[0,1],"2":[0,1],"3":[1,1]},"meta":{"lastBranch":4,"lastFunction":6,"lastStatement":28,"seen":{"f:9:30:9:35":0,"s:10:4:12:Infinity":0,"f:10:21:10:28":1,"s:11:8:11:Infinity":1,"s:14:4:24:Infinity":2,"f:14:25:14:32":2,"s:15:23:15:Infinity":3,"s:16:20:19:Infinity":4,"b:20:4:22:Infinity:undefined:undefined:undefined:undefined":0,"s:20:4:22:Infinity":5,"s:21:8:21:Infinity":6,"s:23:4:23:Infinity":7,"s:26:4:31:Infinity":8,"f:26:65:26:72":3,"s:27:25:27:Infinity":9,"s:28:14:28:Infinity":10,"s:29:23:29:Infinity":11,"s:30:8:30:Infinity":12,"s:33:4:42:Infinity":13,"f:33:71:33:78":4,"s:35:23:35:Infinity":14,"s:36:20:36:Infinity":15,"b:37:8:39:Infinity:undefined:undefined:undefined:undefined":1,"s:37:8:39:Infinity":16,"s:38:12:38:Infinity":17,"s:40:8:40:Infinity":18,"s:41:8:41:Infinity":19,"s:44:4:63:Infinity":20,"f:44:68:44:75":5,"s:46:19:46:Infinity":21,"s:47:16:47:Infinity":22,"b:48:4:50:Infinity:undefined:undefined:undefined:undefined":2,"s:48:4:50:Infinity":23,"s:49:4:49:Infinity":24,"s:53:21:53:Infinity":25,"s:55:23:60:Infinity":26,"b:58:11:58:19:58:19:58:Infinity":3,"s:62:4:62:Infinity":27}}}
,"/home/viktorik/mydir/CMS/src/routes/users.ts": {"path":"/home/viktorik/mydir/CMS/src/routes/users.ts","statementMap":{"0":{"start":{"line":13,"column":2},"end":{"line":27,"column":null}},"1":{"start":{"line":14,"column":17},"end":{"line":14,"column":null}},"2":{"start":{"line":15,"column":4},"end":{"line":17,"column":null}},"3":{"start":{"line":16,"column":6},"end":{"line":16,"column":null}},"4":{"start":{"line":18,"column":3},"end":{"line":26,"column":null}}},"fnMap":{"0":{"name":"(anonymous_0)","decl":{"start":{"line":12,"column":15},"end":{"line":12,"column":30}},"loc":{"start":{"line":12,"column":51},"end":{"line":28,"column":null}},"line":12},"1":{"name":"(anonymous_1)","decl":{"start":{"line":13,"column":47},"end":{"line":13,"column":54}},"loc":{"start":{"line":13,"column":73},"end":{"line":27,"column":2}},"line":13}},"branchMap":{"0":{"loc":{"start":{"line":15,"column":4},"end":{"line":17,"column":null}},"type":"if","locations":[{"start":{"line":15,"column":4},"end":{"line":17,"column":null}},{"start":{},"end":{}}],"line":15}},"s":{"0":5,"1":0,"2":0,"3":0,"4":0},"f":{"0":5,"1":0},"b":{"0":[0,0]},"meta":{"lastBranch":1,"lastFunction":2,"lastStatement":5,"seen":{"f:12:15:12:30":0,"s:13:2:27:Infinity":0,"f:13:47:13:54":1,"s:14:17:14:Infinity":1,"b:15:4:17:Infinity:undefined:undefined:undefined:undefined":0,"s:15:4:17:Infinity":2,"s:16:6:16:Infinity":3,"s:18:3:26:Infinity":4}}}
,"/home/viktorik/mydir/CMS/src/schemas/auth.schema.ts": {"path":"/home/viktorik/mydir/CMS/src/schemas/auth.schema.ts","statementMap":{"0":{"start":{"line":3,"column":30},"end":{"line":7,"column":null}},"1":{"start":{"line":9,"column":27},"end":{"line":12,"column":null}}},"fnMap":{},"branchMap":{},"s":{"0":5,"1":5},"f":{},"b":{},"meta":{"lastBranch":0,"lastFunction":0,"lastStatement":2,"seen":{"s:3:30:7:Infinity":0,"s:9:27:12:Infinity":1}}}
,"/home/viktorik/mydir/CMS/src/schemas/category.schema.ts": {"path":"/home/viktorik/mydir/CMS/src/schemas/category.schema.ts","statementMap":{"0":{"start":{"line":3,"column":36},"end":{"line":5,"column":null}},"1":{"start":{"line":7,"column":36},"end":{"line":9,"column":null}}},"fnMap":{},"branchMap":{},"s":{"0":5,"1":5},"f":{},"b":{},"meta":{"lastBranch":0,"lastFunction":0,"lastStatement":2,"seen":{"s:3:36:5:Infinity":0,"s:7:36:9:Infinity":1}}}
,"/home/viktorik/mydir/CMS/src/schemas/posts.schema.ts": {"path":"/home/viktorik/mydir/CMS/src/schemas/posts.schema.ts","statementMap":{"0":{"start":{"line":3,"column":32},"end":{"line":7,"column":null}},"1":{"start":{"line":11,"column":32},"end":{"line":16,"column":null}}},"fnMap":{},"branchMap":{},"s":{"0":5,"1":5},"f":{},"b":{},"meta":{"lastBranch":0,"lastFunction":0,"lastStatement":2,"seen":{"s:3:32:7:Infinity":0,"s:11:32:16:Infinity":1}}}
,"/home/viktorik/mydir/CMS/src/schemas/tags.schema.ts": {"path":"/home/viktorik/mydir/CMS/src/schemas/tags.schema.ts","statementMap":{"0":{"start":{"line":3,"column":31},"end":{"line":5,"column":null}},"1":{"start":{"line":7,"column":31},"end":{"line":9,"column":null}}},"fnMap":{},"branchMap":{},"s":{"0":5,"1":5},"f":{},"b":{},"meta":{"lastBranch":0,"lastFunction":0,"lastStatement":2,"seen":{"s:3:31:5:Infinity":0,"s:7:31:9:Infinity":1}}}
,"/home/viktorik/mydir/CMS/src/tests/helpers.ts": {"path":"/home/viktorik/mydir/CMS/src/tests/helpers.ts","statementMap":{"0":{"start":{"line":9,"column":8},"end":{"line":9,"column":null}},"1":{"start":{"line":10,"column":25},"end":{"line":10,"column":null}},"2":{"start":{"line":12,"column":2},"end":{"line":16,"column":null}},"3":{"start":{"line":18,"column":19},"end":{"line":22,"column":null}},"4":{"start":{"line":24,"column":2},"end":{"line":24,"column":null}},"5":{"start":{"line":28,"column":2},"end":{"line":32,"column":null}},"6":{"start":{"line":36,"column":2},"end":{"line":40,"column":null}}},"fnMap":{"0":{"name":"registerAndLogin","decl":{"start":{"line":4,"column":22},"end":{"line":4,"column":null}},"loc":{"start":{"line":8,"column":2},"end":{"line":25,"column":null}},"line":8},"1":{"name":"createCategory","decl":{"start":{"line":27,"column":22},"end":{"line":27,"column":39}},"loc":{"start":{"line":27,"column":39},"end":{"line":33,"column":null}},"line":27},"2":{"name":"createTag","decl":{"start":{"line":35,"column":22},"end":{"line":35,"column":34}},"loc":{"start":{"line":35,"column":34},"end":{"line":41,"column":null}},"line":35}},"branchMap":{"0":{"loc":{"start":{"line":5,"column":2},"end":{"line":5,"column":null}},"type":"default-arg","locations":[{"start":{"line":5,"column":10},"end":{"line":5,"column":null}}],"line":5},"1":{"loc":{"start":{"line":6,"column":2},"end":{"line":6,"column":null}},"type":"default-arg","locations":[{"start":{"line":6,"column":13},"end":{"line":6,"column":null}}],"line":6},"2":{"loc":{"start":{"line":7,"column":2},"end":{"line":7,"column":null}},"type":"default-arg","locations":[{"start":{"line":7,"column":9},"end":{"line":7,"column":null}}],"line":7}},"s":{"0":16,"1":16,"2":16,"3":16,"4":16,"5":10,"6":3},"f":{"0":16,"1":10,"2":3},"b":{"0":[16],"1":[16],"2":[16]},"meta":{"lastBranch":3,"lastFunction":3,"lastStatement":7,"seen":{"f:4:22:4:Infinity":0,"b:5:10:5:Infinity":0,"b:6:13:6:Infinity":1,"b:7:9:7:Infinity":2,"s:9:8:9:Infinity":0,"s:10:25:10:Infinity":1,"s:12:2:16:Infinity":2,"s:18:19:22:Infinity":3,"s:24:2:24:Infinity":4,"f:27:22:27:39":1,"s:28:2:32:Infinity":5,"f:35:22:35:34":2,"s:36:2:40:Infinity":6}}}
}
